{
  "RSpec": {
    "coverage": {
      "/Users/jacquelineherrlin/Pollster/app/controllers/answers_controller.rb": [
        1,
        1,
        null,
        null,
        1,
        null,
        null,
        1,
        null,
        null,
        1,
        null,
        null
      ],
      "/Users/jacquelineherrlin/Pollster/app/controllers/application_controller.rb": [
        1,
        1,
        null
      ],
      "/Users/jacquelineherrlin/Pollster/app/helpers/application_helper.rb": [
        1,
        null
      ],
      "/Users/jacquelineherrlin/Pollster/app/helpers/answer_helper.rb": [
        1,
        null
      ],
      "/Users/jacquelineherrlin/Pollster/app/helpers/poll_helper.rb": [
        1,
        null
      ],
      "/Users/jacquelineherrlin/Pollster/app/helpers/question_helper.rb": [
        1,
        null
      ],
      "/Users/jacquelineherrlin/Pollster/app/models/answer.rb": [
        1,
        1,
        null,
        1,
        null
      ],
      "/Users/jacquelineherrlin/Pollster/app/controllers/polls_controller.rb": [
        1,
        null,
        1,
        1,
        null,
        null,
        1,
        0,
        0,
        0,
        0,
        null,
        null,
        null,
        1,
        2,
        2,
        null,
        2,
        1,
        null,
        null,
        1,
        null,
        null,
        null,
        1,
        null,
        null,
        null,
        1,
        1,
        null,
        null,
        1,
        0,
        0,
        null,
        0,
        null,
        null,
        1,
        null,
        null,
        null,
        null
      ],
      "/Users/jacquelineherrlin/Pollster/app/models/poll.rb": [
        1,
        1,
        null,
        1,
        1,
        null,
        1,
        null,
        null,
        1,
        null,
        1,
        null,
        null
      ],
      "/Users/jacquelineherrlin/Pollster/app/controllers/questions_controller.rb": [
        1,
        1,
        0,
        null,
        null,
        1,
        0,
        0,
        0,
        null,
        null,
        1,
        0,
        null,
        null,
        1,
        null,
        null,
        1,
        null,
        null
      ],
      "/Users/jacquelineherrlin/Pollster/app/models/question.rb": [
        1,
        1,
        null,
        1,
        1,
        1,
        null,
        null
      ]
    },
    "timestamp": 1373571627
  }
}
